<?xml version="1.0" encoding="UTF-8" ?>
<testsuite tests="4" failures="0" name="base.Student_Test" time="4.856" errors="4" skipped="0">
  <properties>
[...]
</properties>
  <testcase classname="base.Student_Test" name="test" time="4.856">
    <error type="java.lang.ExceptionInInitializerError">java.lang.ExceptionInInitializerError
	at util.HibernateUtil.buildSessionFactory(HibernateUtil.java:17)
	at util.HibernateUtil.&lt;clinit&gt;(HibernateUtil.java:8)
	at base.RateDAL.getRate(RateDAL.java:27)
	at base.Student_Test.test(Student_Test.java:38)
	at sun.reflect.NativeMethodAccessorImpl.invoke0(Native Method)
	at sun.reflect.NativeMethodAccessorImpl.invoke(NativeMethodAccessorImpl.java:62)
	at sun.reflect.DelegatingMethodAccessorImpl.invoke(DelegatingMethodAccessorImpl.java:43)
	at java.lang.reflect.Method.invoke(Method.java:497)
	at org.junit.runners.model.FrameworkMethod$1.runReflectiveCall(FrameworkMethod.java:47)
	at org.junit.internal.runners.model.ReflectiveCallable.run(ReflectiveCallable.java:12)
	at org.junit.runners.model.FrameworkMethod.invokeExplosively(FrameworkMethod.java:44)
	at org.junit.internal.runners.statements.InvokeMethod.evaluate(InvokeMethod.java:17)
	at org.junit.internal.runners.statements.RunBefores.evaluate(RunBefores.java:26)
	at org.junit.internal.runners.statements.RunAfters.evaluate(RunAfters.java:27)
	at org.junit.runners.ParentRunner.runLeaf(ParentRunner.java:271)
	at org.junit.runners.BlockJUnit4ClassRunner.runChild(BlockJUnit4ClassRunner.java:70)
	at org.junit.runners.BlockJUnit4ClassRunner.runChild(BlockJUnit4ClassRunner.java:50)
	at org.junit.runners.ParentRunner$3.run(ParentRunner.java:238)
	at org.junit.runners.ParentRunner$1.schedule(ParentRunner.java:63)
	at org.junit.runners.ParentRunner.runChildren(ParentRunner.java:236)
	at org.junit.runners.ParentRunner.access$000(ParentRunner.java:53)
	at org.junit.runners.ParentRunner$2.evaluate(ParentRunner.java:229)
	at org.junit.internal.runners.statements.RunBefores.evaluate(RunBefores.java:26)
	at org.junit.internal.runners.statements.RunAfters.evaluate(RunAfters.java:27)
	at org.junit.runners.ParentRunner.run(ParentRunner.java:309)
	at org.apache.maven.surefire.junit4.JUnit4Provider.execute(JUnit4Provider.java:252)
	at org.apache.maven.surefire.junit4.JUnit4Provider.executeTestSet(JUnit4Provider.java:141)
	at org.apache.maven.surefire.junit4.JUnit4Provider.invoke(JUnit4Provider.java:112)
	at sun.reflect.NativeMethodAccessorImpl.invoke0(Native Method)
	at sun.reflect.NativeMethodAccessorImpl.invoke(NativeMethodAccessorImpl.java:62)
	at sun.reflect.DelegatingMethodAccessorImpl.invoke(DelegatingMethodAccessorImpl.java:43)
	at java.lang.reflect.Method.invoke(Method.java:497)
	at org.apache.maven.surefire.util.ReflectionUtils.invokeMethodWithArray(ReflectionUtils.java:189)
	at org.apache.maven.surefire.booter.ProviderFactory$ProviderProxy.invoke(ProviderFactory.java:165)
	at org.apache.maven.surefire.booter.ProviderFactory.invokeProvider(ProviderFactory.java:85)
	at org.apache.maven.surefire.booter.ForkedBooter.runSuitesInProcess(ForkedBooter.java:115)
	at org.apache.maven.surefire.booter.ForkedBooter.main(ForkedBooter.java:75)
Caused by: org.hibernate.tool.schema.spi.SchemaManagementException: Unable to execute schema management to JDBC target [create table Nihar.rate (RateID number(10,0) not null, MinCreditScore number(10,0) not null, InterestRate double precision not null, primary key (RateID))]
	at org.hibernate.tool.schema.internal.TargetDatabaseImpl.accept(TargetDatabaseImpl.java:59)
	at org.hibernate.tool.schema.internal.SchemaMigratorImpl.applySqlString(SchemaMigratorImpl.java:420)
	at org.hibernate.tool.schema.internal.SchemaMigratorImpl.applySqlStrings(SchemaMigratorImpl.java:409)
	at org.hibernate.tool.schema.internal.SchemaMigratorImpl.createTable(SchemaMigratorImpl.java:230)
	at org.hibernate.tool.schema.internal.SchemaMigratorImpl.doMigrationToTargets(SchemaMigratorImpl.java:167)
	at org.hibernate.tool.schema.internal.SchemaMigratorImpl.doMigration(SchemaMigratorImpl.java:60)
	at org.hibernate.tool.hbm2ddl.SchemaUpdate.execute(SchemaUpdate.java:129)
	at org.hibernate.tool.hbm2ddl.SchemaUpdate.execute(SchemaUpdate.java:97)
	at org.hibernate.internal.SessionFactoryImpl.&lt;init&gt;(SessionFactoryImpl.java:481)
	at org.hibernate.boot.internal.SessionFactoryBuilderImpl.build(SessionFactoryBuilderImpl.java:444)
	at org.hibernate.cfg.Configuration.buildSessionFactory(Configuration.java:708)
	at org.hibernate.cfg.Configuration.buildSessionFactory(Configuration.java:724)
	at util.HibernateUtil.buildSessionFactory(HibernateUtil.java:13)
	... 36 more
Caused by: java.sql.SQLSyntaxErrorException: ORA-01918: user &apos;NIHAR&apos; does not exist

	at oracle.jdbc.driver.T4CTTIoer.processError(T4CTTIoer.java:445)
	at oracle.jdbc.driver.T4CTTIoer.processError(T4CTTIoer.java:396)
	at oracle.jdbc.driver.T4C8Oall.processError(T4C8Oall.java:879)
	at oracle.jdbc.driver.T4CTTIfun.receive(T4CTTIfun.java:450)
	at oracle.jdbc.driver.T4CTTIfun.doRPC(T4CTTIfun.java:192)
	at oracle.jdbc.driver.T4C8Oall.doOALL(T4C8Oall.java:531)
	at oracle.jdbc.driver.T4CStatement.doOall8(T4CStatement.java:193)
	at oracle.jdbc.driver.T4CStatement.executeForRows(T4CStatement.java:1033)
	at oracle.jdbc.driver.OracleStatement.doExecuteWithTimeout(OracleStatement.java:1329)
	at oracle.jdbc.driver.OracleStatement.executeUpdateInternal(OracleStatement.java:1838)
	at oracle.jdbc.driver.OracleStatement.executeUpdate(OracleStatement.java:1803)
	at oracle.jdbc.driver.OracleStatementWrapper.executeUpdate(OracleStatementWrapper.java:294)
	at org.hibernate.tool.schema.internal.TargetDatabaseImpl.accept(TargetDatabaseImpl.java:56)
	... 48 more
</error>
    <system-out>16:45:30.619 [main] DEBUG org.jboss.logging - Logging Provider: org.jboss.logging.Slf4jLoggerProvider
16:45:30.631 [main] DEBUG o.h.i.internal.IntegratorServiceImpl - Adding Integrator [org.hibernate.cfg.beanvalidation.BeanValidationIntegrator].
16:45:30.633 [main] DEBUG o.h.i.internal.IntegratorServiceImpl - Adding Integrator [org.hibernate.secure.spi.JaccIntegrator].
16:45:30.634 [main] DEBUG o.h.i.internal.IntegratorServiceImpl - Adding Integrator [org.hibernate.cache.internal.CollectionCacheInvalidator].
16:45:30.710 [main] INFO  org.hibernate.Version - HHH000412: Hibernate Core {5.0.2.Final}
16:45:30.711 [main] INFO  org.hibernate.cfg.Environment - HHH000206: hibernate.properties not found
16:45:30.712 [main] INFO  org.hibernate.cfg.Environment - HHH000021: Bytecode provider name : javassist
16:45:30.738 [main] DEBUG o.h.b.j.i.s.LocalXmlResourceResolver - Interpreting public/system identifier : [-//Hibernate/Hibernate Configuration DTD 3.0//EN] - [http://www.hibernate.org/dtd/hibernate-configuration-3.0.dtd]
16:45:30.738 [main] DEBUG o.h.b.j.i.s.LocalXmlResourceResolver - Recognized hibernate-configuration identifier; attempting to resolve on classpath under org/hibernate/
16:45:30.745 [main] DEBUG o.h.b.c.internal.JaxbCfgProcessor - cfg.xml document did not define namespaces; wrapping in custom event reader to introduce namespace information
16:45:30.949 [main] DEBUG org.hibernate.cfg.Configuration - Building session factory using internal StandardServiceRegistryBuilder
16:45:30.954 [main] DEBUG o.h.service.spi.ServiceBinding - Overriding existing service binding [org.hibernate.secure.spi.JaccService]
16:45:30.955 [main] DEBUG org.hibernate.cfg.Configuration - Building session factory using provided StandardServiceRegistry
16:45:30.970 [main] DEBUG o.h.c.i.RegionFactoryInitiator - Cache region factory : org.hibernate.cache.internal.NoCachingRegionFactory
16:45:30.976 [main] INFO  o.h.annotations.common.Version - HCANN000001: Hibernate Commons Annotations {5.0.0.Final}
16:45:30.984 [main] DEBUG o.h.b.j.i.s.LocalXmlResourceResolver - Interpreting public/system identifier : [-//Hibernate/Hibernate Mapping DTD 3.0//EN] - [http://hibernate.sourceforge.net/hibernate-mapping-3.0.dtd]
16:45:30.986 [main] WARN  org.hibernate.orm.deprecation - HHH90000012: Recognized obsolete hibernate namespace http://hibernate.sourceforge.net/hibernate-mapping. Use namespace http://www.hibernate.org/dtd/hibernate-mapping instead.  Support for obsolete DTD/XSD namespaces may be removed at any time.
16:45:30.986 [main] DEBUG o.h.b.j.i.s.LocalXmlResourceResolver - Recognized legacy hibernate-mapping identifier; attempting to resolve on classpath under org/hibernate/
16:45:31.004 [main] DEBUG o.h.boot.jaxb.internal.MappingBinder - Performing JAXB binding of hbm.xml document : Origin(name=mapping/Rate.hbm.xml,type=RESOURCE)
16:45:31.679 [main] DEBUG org.hibernate.type.BasicTypeRegistry - Adding type registration boolean -&gt; org.hibernate.type.BooleanType@6440112d
16:45:31.679 [main] DEBUG org.hibernate.type.BasicTypeRegistry - Adding type registration boolean -&gt; org.hibernate.type.BooleanType@6440112d
16:45:31.679 [main] DEBUG org.hibernate.type.BasicTypeRegistry - Adding type registration java.lang.Boolean -&gt; org.hibernate.type.BooleanType@6440112d
16:45:31.680 [main] DEBUG org.hibernate.type.BasicTypeRegistry - Adding type registration numeric_boolean -&gt; org.hibernate.type.NumericBooleanType@7d9d0818
16:45:31.681 [main] DEBUG org.hibernate.type.BasicTypeRegistry - Adding type registration true_false -&gt; org.hibernate.type.TrueFalseType@24569dba
16:45:31.682 [main] DEBUG org.hibernate.type.BasicTypeRegistry - Adding type registration yes_no -&gt; org.hibernate.type.YesNoType@496bc455
16:45:31.683 [main] DEBUG org.hibernate.type.BasicTypeRegistry - Adding type registration byte -&gt; org.hibernate.type.ByteType@303cf2ba
16:45:31.683 [main] DEBUG org.hibernate.type.BasicTypeRegistry - Adding type registration byte -&gt; org.hibernate.type.ByteType@303cf2ba
16:45:31.683 [main] DEBUG org.hibernate.type.BasicTypeRegistry - Adding type registration java.lang.Byte -&gt; org.hibernate.type.ByteType@303cf2ba
16:45:31.684 [main] DEBUG org.hibernate.type.BasicTypeRegistry - Adding type registration character -&gt; org.hibernate.type.CharacterType@2b30a42c
16:45:31.685 [main] DEBUG org.hibernate.type.BasicTypeRegistry - Adding type registration char -&gt; org.hibernate.type.CharacterType@2b30a42c
16:45:31.685 [main] DEBUG org.hibernate.type.BasicTypeRegistry - Adding type registration java.lang.Character -&gt; org.hibernate.type.CharacterType@2b30a42c
16:45:31.686 [main] DEBUG org.hibernate.type.BasicTypeRegistry - Adding type registration short -&gt; org.hibernate.type.ShortType@19932c16
16:45:31.686 [main] DEBUG org.hibernate.type.BasicTypeRegistry - Adding type registration short -&gt; org.hibernate.type.ShortType@19932c16
16:45:31.686 [main] DEBUG org.hibernate.type.BasicTypeRegistry - Adding type registration java.lang.Short -&gt; org.hibernate.type.ShortType@19932c16
16:45:31.687 [main] DEBUG org.hibernate.type.BasicTypeRegistry - Adding type registration integer -&gt; org.hibernate.type.IntegerType@1972e513
16:45:31.687 [main] DEBUG org.hibernate.type.BasicTypeRegistry - Adding type registration int -&gt; org.hibernate.type.IntegerType@1972e513
16:45:31.687 [main] DEBUG org.hibernate.type.BasicTypeRegistry - Adding type registration java.lang.Integer -&gt; org.hibernate.type.IntegerType@1972e513
16:45:31.689 [main] DEBUG org.hibernate.type.BasicTypeRegistry - Adding type registration long -&gt; org.hibernate.type.LongType@433defed
16:45:31.689 [main] DEBUG org.hibernate.type.BasicTypeRegistry - Adding type registration long -&gt; org.hibernate.type.LongType@433defed
16:45:31.689 [main] DEBUG org.hibernate.type.BasicTypeRegistry - Adding type registration java.lang.Long -&gt; org.hibernate.type.LongType@433defed
16:45:31.691 [main] DEBUG org.hibernate.type.BasicTypeRegistry - Adding type registration float -&gt; org.hibernate.type.FloatType@45d84a20
16:45:31.691 [main] DEBUG org.hibernate.type.BasicTypeRegistry - Adding type registration float -&gt; org.hibernate.type.FloatType@45d84a20
16:45:31.691 [main] DEBUG org.hibernate.type.BasicTypeRegistry - Adding type registration java.lang.Float -&gt; org.hibernate.type.FloatType@45d84a20
16:45:31.692 [main] DEBUG org.hibernate.type.BasicTypeRegistry - Adding type registration double -&gt; org.hibernate.type.DoubleType@536f2a7e
16:45:31.692 [main] DEBUG org.hibernate.type.BasicTypeRegistry - Adding type registration double -&gt; org.hibernate.type.DoubleType@536f2a7e
16:45:31.692 [main] DEBUG org.hibernate.type.BasicTypeRegistry - Adding type registration java.lang.Double -&gt; org.hibernate.type.DoubleType@536f2a7e
16:45:31.694 [main] DEBUG org.hibernate.type.BasicTypeRegistry - Adding type registration big_decimal -&gt; org.hibernate.type.BigDecimalType@4f32a3ad
16:45:31.694 [main] DEBUG org.hibernate.type.BasicTypeRegistry - Adding type registration java.math.BigDecimal -&gt; org.hibernate.type.BigDecimalType@4f32a3ad
16:45:31.695 [main] DEBUG org.hibernate.type.BasicTypeRegistry - Adding type registration big_integer -&gt; org.hibernate.type.BigIntegerType@7d900ecf
16:45:31.697 [main] DEBUG org.hibernate.type.BasicTypeRegistry - Adding type registration java.math.BigInteger -&gt; org.hibernate.type.BigIntegerType@7d900ecf
16:45:31.698 [main] DEBUG org.hibernate.type.BasicTypeRegistry - Adding type registration string -&gt; org.hibernate.type.StringType@5965d37
16:45:31.698 [main] DEBUG org.hibernate.type.BasicTypeRegistry - Adding type registration java.lang.String -&gt; org.hibernate.type.StringType@5965d37
16:45:31.699 [main] DEBUG org.hibernate.type.BasicTypeRegistry - Adding type registration nstring -&gt; org.hibernate.type.StringNVarcharType@710636b0
16:45:31.699 [main] DEBUG org.hibernate.type.BasicTypeRegistry - Adding type registration ncharacter -&gt; org.hibernate.type.CharacterNCharType@740fb309
16:45:31.700 [main] DEBUG org.hibernate.type.BasicTypeRegistry - Adding type registration url -&gt; org.hibernate.type.UrlType@6f204a1a
16:45:31.700 [main] DEBUG org.hibernate.type.BasicTypeRegistry - Adding type registration java.net.URL -&gt; org.hibernate.type.UrlType@6f204a1a
16:45:31.702 [main] DEBUG org.hibernate.type.BasicTypeRegistry - Adding type registration date -&gt; org.hibernate.type.DateType@5b38c1ec
16:45:31.702 [main] DEBUG org.hibernate.type.BasicTypeRegistry - Adding type registration java.sql.Date -&gt; org.hibernate.type.DateType@5b38c1ec
16:45:31.703 [main] DEBUG org.hibernate.type.BasicTypeRegistry - Adding type registration time -&gt; org.hibernate.type.TimeType@f1da57d
16:45:31.704 [main] DEBUG org.hibernate.type.BasicTypeRegistry - Adding type registration java.sql.Time -&gt; org.hibernate.type.TimeType@f1da57d
16:45:31.705 [main] DEBUG org.hibernate.type.BasicTypeRegistry - Adding type registration timestamp -&gt; org.hibernate.type.TimestampType@5b7a7f33
16:45:31.705 [main] DEBUG org.hibernate.type.BasicTypeRegistry - Adding type registration java.sql.Timestamp -&gt; org.hibernate.type.TimestampType@5b7a7f33
16:45:31.705 [main] DEBUG org.hibernate.type.BasicTypeRegistry - Adding type registration java.util.Date -&gt; org.hibernate.type.TimestampType@5b7a7f33
16:45:31.707 [main] DEBUG org.hibernate.type.BasicTypeRegistry - Adding type registration dbtimestamp -&gt; org.hibernate.type.DbTimestampType@57bc27f5
16:45:31.708 [main] DEBUG org.hibernate.type.BasicTypeRegistry - Adding type registration calendar -&gt; org.hibernate.type.CalendarType@d554c5f
16:45:31.708 [main] DEBUG org.hibernate.type.BasicTypeRegistry - Adding type registration java.util.Calendar -&gt; org.hibernate.type.CalendarType@d554c5f
16:45:31.708 [main] DEBUG org.hibernate.type.BasicTypeRegistry - Adding type registration java.util.GregorianCalendar -&gt; org.hibernate.type.CalendarType@d554c5f
16:45:31.709 [main] DEBUG org.hibernate.type.BasicTypeRegistry - Adding type registration calendar_date -&gt; org.hibernate.type.CalendarDateType@33ecda92
16:45:31.710 [main] DEBUG org.hibernate.type.BasicTypeRegistry - Adding type registration locale -&gt; org.hibernate.type.LocaleType@1c742ed4
16:45:31.710 [main] DEBUG org.hibernate.type.BasicTypeRegistry - Adding type registration java.util.Locale -&gt; org.hibernate.type.LocaleType@1c742ed4
16:45:31.711 [main] DEBUG org.hibernate.type.BasicTypeRegistry - Adding type registration currency -&gt; org.hibernate.type.CurrencyType@69c81773
16:45:31.711 [main] DEBUG org.hibernate.type.BasicTypeRegistry - Adding type registration java.util.Currency -&gt; org.hibernate.type.CurrencyType@69c81773
16:45:31.711 [main] DEBUG org.hibernate.type.BasicTypeRegistry - Adding type registration timezone -&gt; org.hibernate.type.TimeZoneType@4d15107f
16:45:31.712 [main] DEBUG org.hibernate.type.BasicTypeRegistry - Adding type registration java.util.TimeZone -&gt; org.hibernate.type.TimeZoneType@4d15107f
16:45:31.713 [main] DEBUG org.hibernate.type.BasicTypeRegistry - Adding type registration class -&gt; org.hibernate.type.ClassType@79207381
16:45:31.713 [main] DEBUG org.hibernate.type.BasicTypeRegistry - Adding type registration java.lang.Class -&gt; org.hibernate.type.ClassType@79207381
16:45:31.714 [main] DEBUG org.hibernate.type.BasicTypeRegistry - Adding type registration uuid-binary -&gt; org.hibernate.type.UUIDBinaryType@6b09fb41
16:45:31.714 [main] DEBUG org.hibernate.type.BasicTypeRegistry - Adding type registration java.util.UUID -&gt; org.hibernate.type.UUIDBinaryType@6b09fb41
16:45:31.714 [main] DEBUG org.hibernate.type.BasicTypeRegistry - Adding type registration uuid-char -&gt; org.hibernate.type.UUIDCharType@782859e
16:45:31.715 [main] DEBUG org.hibernate.type.BasicTypeRegistry - Adding type registration binary -&gt; org.hibernate.type.BinaryType@6f43c82
16:45:31.716 [main] DEBUG org.hibernate.type.BasicTypeRegistry - Adding type registration byte[] -&gt; org.hibernate.type.BinaryType@6f43c82
16:45:31.716 [main] DEBUG org.hibernate.type.BasicTypeRegistry - Adding type registration [B -&gt; org.hibernate.type.BinaryType@6f43c82
16:45:31.717 [main] DEBUG org.hibernate.type.BasicTypeRegistry - Adding type registration wrapper-binary -&gt; org.hibernate.type.WrapperBinaryType@6f15d60e
16:45:31.717 [main] DEBUG org.hibernate.type.BasicTypeRegistry - Adding type registration Byte[] -&gt; org.hibernate.type.WrapperBinaryType@6f15d60e
16:45:31.717 [main] DEBUG org.hibernate.type.BasicTypeRegistry - Adding type registration [Ljava.lang.Byte; -&gt; org.hibernate.type.WrapperBinaryType@6f15d60e
16:45:31.718 [main] DEBUG org.hibernate.type.BasicTypeRegistry - Adding type registration image -&gt; org.hibernate.type.ImageType@4f0f2942
16:45:31.719 [main] DEBUG org.hibernate.type.BasicTypeRegistry - Adding type registration characters -&gt; org.hibernate.type.CharArrayType@69504ae9
16:45:31.719 [main] DEBUG org.hibernate.type.BasicTypeRegistry - Adding type registration char[] -&gt; org.hibernate.type.CharArrayType@69504ae9
16:45:31.719 [main] DEBUG org.hibernate.type.BasicTypeRegistry - Adding type registration [C -&gt; org.hibernate.type.CharArrayType@69504ae9
16:45:31.720 [main] DEBUG org.hibernate.type.BasicTypeRegistry - Adding type registration wrapper-characters -&gt; org.hibernate.type.CharacterArrayType@126253fd
16:45:31.720 [main] DEBUG org.hibernate.type.BasicTypeRegistry - Adding type registration [Ljava.lang.Character; -&gt; org.hibernate.type.CharacterArrayType@126253fd
16:45:31.720 [main] DEBUG org.hibernate.type.BasicTypeRegistry - Adding type registration Character[] -&gt; org.hibernate.type.CharacterArrayType@126253fd
16:45:31.721 [main] DEBUG org.hibernate.type.BasicTypeRegistry - Adding type registration text -&gt; org.hibernate.type.TextType@5276d6ee
16:45:31.721 [main] DEBUG org.hibernate.type.BasicTypeRegistry - Adding type registration ntext -&gt; org.hibernate.type.NTextType@4dc27487
16:45:31.724 [main] DEBUG org.hibernate.type.BasicTypeRegistry - Adding type registration blob -&gt; org.hibernate.type.BlobType@38145825
16:45:31.725 [main] DEBUG org.hibernate.type.BasicTypeRegistry - Adding type registration java.sql.Blob -&gt; org.hibernate.type.BlobType@38145825
16:45:31.725 [main] DEBUG org.hibernate.type.BasicTypeRegistry - Adding type registration materialized_blob -&gt; org.hibernate.type.MaterializedBlobType@3e0e1046
16:45:31.728 [main] DEBUG org.hibernate.type.BasicTypeRegistry - Adding type registration clob -&gt; org.hibernate.type.ClobType@700fb871
16:45:31.729 [main] DEBUG org.hibernate.type.BasicTypeRegistry - Adding type registration java.sql.Clob -&gt; org.hibernate.type.ClobType@700fb871
16:45:31.732 [main] DEBUG org.hibernate.type.BasicTypeRegistry - Adding type registration nclob -&gt; org.hibernate.type.NClobType@448c8166
16:45:31.732 [main] DEBUG org.hibernate.type.BasicTypeRegistry - Adding type registration java.sql.NClob -&gt; org.hibernate.type.NClobType@448c8166
16:45:31.733 [main] DEBUG org.hibernate.type.BasicTypeRegistry - Adding type registration materialized_clob -&gt; org.hibernate.type.MaterializedClobType@7098b907
16:45:31.734 [main] DEBUG org.hibernate.type.BasicTypeRegistry - Adding type registration materialized_nclob -&gt; org.hibernate.type.MaterializedNClobType@2235eaab
16:45:31.735 [main] DEBUG org.hibernate.type.BasicTypeRegistry - Adding type registration serializable -&gt; org.hibernate.type.SerializableType@20bd8be5
16:45:31.739 [main] DEBUG org.hibernate.type.BasicTypeRegistry - Adding type registration object -&gt; org.hibernate.type.ObjectType@24105dc5
16:45:31.739 [main] DEBUG org.hibernate.type.BasicTypeRegistry - Adding type registration java.lang.Object -&gt; org.hibernate.type.ObjectType@24105dc5
16:45:31.739 [main] DEBUG org.hibernate.type.BasicTypeRegistry - Adding type registration imm_date -&gt; org.hibernate.type.AdaptedImmutableType@18f8cd79
16:45:31.740 [main] DEBUG org.hibernate.type.BasicTypeRegistry - Adding type registration imm_time -&gt; org.hibernate.type.AdaptedImmutableType@3e2055d6
16:45:31.740 [main] DEBUG org.hibernate.type.BasicTypeRegistry - Adding type registration imm_timestamp -&gt; org.hibernate.type.AdaptedImmutableType@50029372
16:45:31.740 [main] DEBUG org.hibernate.type.BasicTypeRegistry - Adding type registration imm_dbtimestamp -&gt; org.hibernate.type.AdaptedImmutableType@e3b3b2f
16:45:31.740 [main] DEBUG org.hibernate.type.BasicTypeRegistry - Adding type registration imm_calendar -&gt; org.hibernate.type.AdaptedImmutableType@50f6ac94
16:45:31.740 [main] DEBUG org.hibernate.type.BasicTypeRegistry - Adding type registration imm_calendar_date -&gt; org.hibernate.type.AdaptedImmutableType@6cc4cdb9
16:45:31.740 [main] DEBUG org.hibernate.type.BasicTypeRegistry - Adding type registration imm_binary -&gt; org.hibernate.type.AdaptedImmutableType@28194a50
16:45:31.740 [main] DEBUG org.hibernate.type.BasicTypeRegistry - Adding type registration imm_serializable -&gt; org.hibernate.type.AdaptedImmutableType@7f2cfe3f
16:45:31.754 [main] WARN  o.h.e.j.c.i.DriverManagerConnectionProviderImpl - HHH000402: Using Hibernate built-in connection pool (not for production use!)
16:45:31.756 [main] DEBUG o.h.e.j.c.i.DriverManagerConnectionProviderImpl - No driver class specified
16:45:31.756 [main] INFO  o.h.e.j.c.i.DriverManagerConnectionProviderImpl - HHH000401: using driver [null] at URL [jdbc:oracle:thin:@cisc181.ci3wacsy5j84.us-east-1.rds.amazonaws.com:1521:ORCL]
16:45:31.761 [main] INFO  o.h.e.j.c.i.DriverManagerConnectionProviderImpl - HHH000046: Connection properties: {user=JunagadeN, password=charter013}
16:45:31.761 [main] INFO  o.h.e.j.c.i.DriverManagerConnectionProviderImpl - HHH000006: Autocommit mode: false
16:45:31.763 [main] INFO  o.h.e.j.c.i.DriverManagerConnectionProviderImpl - HHH000115: Hibernate connection pool size: 20 (min=1)
16:45:31.763 [main] DEBUG o.h.e.j.c.i.DriverManagerConnectionProviderImpl - Initializing Connection pool with 1 Connections
16:45:32.669 [main] DEBUG o.h.e.j.e.i.JdbcEnvironmentInitiator - Database -&gt;
       name : Oracle
    version : Oracle Database 11g Release 11.2.0.4.0 - 64bit Production
      major : 11
      minor : 2
16:45:32.669 [main] DEBUG o.h.e.j.e.i.JdbcEnvironmentInitiator - Driver -&gt;
       name : Oracle JDBC driver
    version : 11.2.0.3.0
      major : 11
      minor : 2
16:45:32.669 [main] DEBUG o.h.e.j.e.i.JdbcEnvironmentInitiator - JDBC version : 11.2
16:45:32.727 [main] INFO  org.hibernate.dialect.Dialect - HHH000400: Using dialect: org.hibernate.dialect.Oracle10gDialect
16:45:32.742 [main] DEBUG o.h.e.j.c.i.StandardRefCursorSupport - Unexpected error trying to gauge level of JDBC REF_CURSOR support : null
16:45:33.007 [main] DEBUG o.h.i.f.i.DefaultIdentifierGeneratorFactory - Registering IdentifierGenerator strategy [uuid2] -&gt; [org.hibernate.id.UUIDGenerator]
16:45:33.008 [main] DEBUG o.h.i.f.i.DefaultIdentifierGeneratorFactory - Registering IdentifierGenerator strategy [guid] -&gt; [org.hibernate.id.GUIDGenerator]
16:45:33.009 [main] DEBUG o.h.i.f.i.DefaultIdentifierGeneratorFactory - Registering IdentifierGenerator strategy [uuid] -&gt; [org.hibernate.id.UUIDHexGenerator]
16:45:33.009 [main] DEBUG o.h.i.f.i.DefaultIdentifierGeneratorFactory - Registering IdentifierGenerator strategy [uuid.hex] -&gt; [org.hibernate.id.UUIDHexGenerator]
16:45:33.009 [main] DEBUG o.h.i.f.i.DefaultIdentifierGeneratorFactory - Registering IdentifierGenerator strategy [assigned] -&gt; [org.hibernate.id.Assigned]
16:45:33.010 [main] DEBUG o.h.i.f.i.DefaultIdentifierGeneratorFactory - Registering IdentifierGenerator strategy [identity] -&gt; [org.hibernate.id.IdentityGenerator]
16:45:33.010 [main] DEBUG o.h.i.f.i.DefaultIdentifierGeneratorFactory - Registering IdentifierGenerator strategy [select] -&gt; [org.hibernate.id.SelectGenerator]
16:45:33.011 [main] DEBUG o.h.i.f.i.DefaultIdentifierGeneratorFactory - Registering IdentifierGenerator strategy [sequence] -&gt; [org.hibernate.id.enhanced.SequenceStyleGenerator]
16:45:33.012 [main] DEBUG o.h.i.f.i.DefaultIdentifierGeneratorFactory - Registering IdentifierGenerator strategy [seqhilo] -&gt; [org.hibernate.id.SequenceHiLoGenerator]
16:45:33.012 [main] DEBUG o.h.i.f.i.DefaultIdentifierGeneratorFactory - Registering IdentifierGenerator strategy [increment] -&gt; [org.hibernate.id.IncrementGenerator]
16:45:33.012 [main] DEBUG o.h.i.f.i.DefaultIdentifierGeneratorFactory - Registering IdentifierGenerator strategy [foreign] -&gt; [org.hibernate.id.ForeignGenerator]
16:45:33.013 [main] DEBUG o.h.i.f.i.DefaultIdentifierGeneratorFactory - Registering IdentifierGenerator strategy [sequence-identity] -&gt; [org.hibernate.id.SequenceIdentityGenerator]
16:45:33.013 [main] DEBUG o.h.i.f.i.DefaultIdentifierGeneratorFactory - Registering IdentifierGenerator strategy [enhanced-sequence] -&gt; [org.hibernate.id.enhanced.SequenceStyleGenerator]
16:45:33.014 [main] DEBUG o.h.i.f.i.DefaultIdentifierGeneratorFactory - Registering IdentifierGenerator strategy [enhanced-table] -&gt; [org.hibernate.id.enhanced.TableGenerator]
16:45:33.049 [main] DEBUG o.h.boot.model.relational.Namespace - Created database namespace [logicalName=Name{catalog=null, schema=Nihar}, physicalName=Name{catalog=null, schema=Nihar}]
16:45:33.065 [main] DEBUG o.h.b.m.s.internal.hbm.ModelBinder - Mapping class: domain.RateDomainModel -&gt; rate
16:45:33.075 [main] DEBUG o.h.b.m.s.internal.hbm.ModelBinder - Mapped property: RateID -&gt; [RateID]
16:45:33.078 [main] DEBUG o.h.b.m.s.internal.hbm.ModelBinder - Mapped property: MinCreditScore -&gt; [MinCreditScore]
16:45:33.078 [main] DEBUG o.h.b.m.s.internal.hbm.ModelBinder - Mapped property: InterestRate -&gt; [InterestRate]
16:45:33.101 [main] DEBUG o.h.internal.SessionFactoryImpl - Building session factory
16:45:33.102 [main] DEBUG org.hibernate.cfg.Settings - SessionFactory name : null
16:45:33.102 [main] DEBUG org.hibernate.cfg.Settings - Automatic flush during beforeCompletion(): disabled
16:45:33.102 [main] DEBUG org.hibernate.cfg.Settings - Automatic session close at end of transaction: disabled
16:45:33.103 [main] DEBUG org.hibernate.cfg.Settings - Statistics: disabled
16:45:33.103 [main] DEBUG org.hibernate.cfg.Settings - Deleted entity synthetic identifier rollback: disabled
16:45:33.103 [main] DEBUG org.hibernate.cfg.Settings - Default entity-mode: pojo
16:45:33.103 [main] DEBUG org.hibernate.cfg.Settings - Check Nullability in Core (should be disabled when Bean Validation is on): enabled
16:45:33.103 [main] DEBUG org.hibernate.cfg.Settings - Allow initialization of lazy state outside session : disabled
16:45:33.103 [main] DEBUG org.hibernate.cfg.Settings - Using BatchFetchStyle : LEGACY
16:45:33.103 [main] DEBUG org.hibernate.cfg.Settings - Default batch fetch size: -1
16:45:33.103 [main] DEBUG org.hibernate.cfg.Settings - Maximum outer join fetch depth: null
16:45:33.103 [main] DEBUG org.hibernate.cfg.Settings - Default null ordering: NONE
16:45:33.103 [main] DEBUG org.hibernate.cfg.Settings - Order SQL updates by primary key: disabled
16:45:33.103 [main] DEBUG org.hibernate.cfg.Settings - Order SQL inserts for batching: disabled
16:45:33.103 [main] DEBUG org.hibernate.cfg.Settings - multi-tenancy strategy : NONE
16:45:33.103 [main] DEBUG org.hibernate.cfg.Settings - JTA Track by Thread: enabled
16:45:33.103 [main] DEBUG org.hibernate.cfg.Settings - Query language substitutions: {}
16:45:33.103 [main] DEBUG org.hibernate.cfg.Settings - JPA query language strict compliance: disabled
16:45:33.104 [main] DEBUG org.hibernate.cfg.Settings - Named query checking : enabled
16:45:33.104 [main] DEBUG org.hibernate.cfg.Settings - Second-level cache: enabled
16:45:33.104 [main] DEBUG org.hibernate.cfg.Settings - Second-level query cache: disabled
16:45:33.104 [main] DEBUG org.hibernate.cfg.Settings - Second-level query cache factory: org.hibernate.cache.internal.StandardQueryCacheFactory@62452cc9
16:45:33.104 [main] DEBUG org.hibernate.cfg.Settings - Second-level cache region prefix: null
16:45:33.104 [main] DEBUG org.hibernate.cfg.Settings - Optimize second-level cache for minimal puts: disabled
16:45:33.104 [main] DEBUG org.hibernate.cfg.Settings - Structured second-level cache entries: disabled
16:45:33.104 [main] DEBUG org.hibernate.cfg.Settings - Second-level cache direct-reference entries: disabled
16:45:33.104 [main] DEBUG org.hibernate.cfg.Settings - Automatic eviction of collection cache: disabled
16:45:33.104 [main] DEBUG org.hibernate.cfg.Settings - JDBC batch size: 15
16:45:33.104 [main] DEBUG org.hibernate.cfg.Settings - JDBC batch updates for versioned data: disabled
16:45:33.104 [main] DEBUG org.hibernate.cfg.Settings - Scrollable result sets: enabled
16:45:33.104 [main] DEBUG org.hibernate.cfg.Settings - Wrap result sets: disabled
16:45:33.104 [main] DEBUG org.hibernate.cfg.Settings - JDBC3 getGeneratedKeys(): disabled
16:45:33.104 [main] DEBUG org.hibernate.cfg.Settings - JDBC result set fetch size: null
16:45:33.104 [main] DEBUG org.hibernate.cfg.Settings - Connection release mode: ON_CLOSE
16:45:33.105 [main] DEBUG org.hibernate.cfg.Settings - Generate SQL with comments: disabled
16:45:33.137 [main] DEBUG o.h.internal.SessionFactoryImpl - Session factory constructed with filter configurations : {}
16:45:33.137 [main] DEBUG o.h.internal.SessionFactoryImpl - Instantiating session factory with properties: {hibernate.connection.password=charter013, java.runtime.name=Java(TM) SE Runtime Environment, java.vm.version=25.60-b23, hibernate.default_schema=Nihar, sun.boot.library.path=/Library/Java/JavaVirtualMachines/jdk1.8.0_60.jdk/Contents/Home/jre/lib, hibernate.connection.username=JunagadeN, hibernate.boot.CfgXmlAccessService.key=org.hibernate.boot.cfgxml.spi.LoadedConfig@546ccad7, gopherProxySet=false, java.vm.vendor=Oracle Corporation, java.vendor.url=http://java.oracle.com/, path.separator=:, java.vm.name=Java HotSpot(TM) 64-Bit Server VM, file.encoding.pkg=sun.io, sun.os.patch.level=unknown, user.country=US, sun.java.launcher=SUN_STANDARD, java.vm.specification.name=Java Virtual Machine Specification, user.dir=/Users/Nihar/git/FinalCoding/FirstBankMortgage_DAL, java.runtime.version=1.8.0_60-b27, java.awt.graphicsenv=sun.awt.CGraphicsEnvironment, basedir=/Users/Nihar/git/FinalCoding/FirstBankMortgage_DAL, os.arch=x86_64, java.endorsed.dirs=/Library/Java/JavaVirtualMachines/jdk1.8.0_60.jdk/Contents/Home/jre/lib/endorsed, surefire.real.class.path=/Users/Nihar/git/FinalCoding/FirstBankMortgage_DAL/target/surefire/surefirebooter6746863778773245692.jar, java.io.tmpdir=/var/folders/49/8n9yp5z57zx5xhtky1n0j2rm0000gn/T/, line.separator=
, java.vm.specification.vendor=Oracle Corporation, os.name=Mac OS X, sun.jnu.encoding=UTF-8, java.library.path=/Users/Nihar/Library/Java/Extensions:/Library/Java/Extensions:/Network/Library/Java/Extensions:/System/Library/Java/Extensions:/usr/lib/java:., surefire.test.class.path=/Users/Nihar/git/FinalCoding/FirstBankMortgage_DAL/target/test-classes:/Users/Nihar/git/FinalCoding/FirstBankMortgage_DAL/target/classes:/Users/Nihar/.m2/repository/org/springframework/spring-context/3.2.3.RELEASE/spring-context-3.2.3.RELEASE.jar:/Users/Nihar/.m2/repository/org/springframework/spring-aop/3.2.3.RELEASE/spring-aop-3.2.3.RELEASE.jar:/Users/Nihar/.m2/repository/org/springframework/spring-beans/3.2.3.RELEASE/spring-beans-3.2.3.RELEASE.jar:/Users/Nihar/.m2/repository/org/springframework/spring-core/3.2.3.RELEASE/spring-core-3.2.3.RELEASE.jar:/Users/Nihar/.m2/repository/commons-logging/commons-logging/1.1.1/commons-logging-1.1.1.jar:/Users/Nihar/.m2/repository/org/springframework/spring-expression/3.2.3.RELEASE/spring-expression-3.2.3.RELEASE.jar:/Users/Nihar/.m2/repository/org/springframework/spring-tx/3.2.3.RELEASE/spring-tx-3.2.3.RELEASE.jar:/Users/Nihar/.m2/repository/aopalliance/aopalliance/1.0/aopalliance-1.0.jar:/Users/Nihar/.m2/repository/org/slf4j/slf4j-api/1.7.5/slf4j-api-1.7.5.jar:/Users/Nihar/.m2/repository/ch/qos/logback/logback-classic/1.0.13/logback-classic-1.0.13.jar:/Users/Nihar/.m2/repository/ch/qos/logback/logback-core/1.0.13/logback-core-1.0.13.jar:/Users/Nihar/.m2/repository/org/hibernate/hibernate-entitymanager/5.0.2.Final/hibernate-entitymanager-5.0.2.Final.jar:/Users/Nihar/.m2/repository/org/jboss/logging/jboss-logging/3.3.0.Final/jboss-logging-3.3.0.Final.jar:/Users/Nihar/.m2/repository/org/hibernate/hibernate-core/5.0.2.Final/hibernate-core-5.0.2.Final.jar:/Users/Nihar/.m2/repository/antlr/antlr/2.7.7/antlr-2.7.7.jar:/Users/Nihar/.m2/repository/org/jboss/jandex/1.2.2.Final/jandex-1.2.2.Final.jar:/Users/Nihar/.m2/repository/dom4j/dom4j/1.6.1/dom4j-1.6.1.jar:/Users/Nihar/.m2/repository/xml-apis/xml-apis/1.0.b2/xml-apis-1.0.b2.jar:/Users/Nihar/.m2/repository/org/hibernate/common/hibernate-commons-annotations/5.0.0.Final/hibernate-commons-annotations-5.0.0.Final.jar:/Users/Nihar/.m2/repository/org/hibernate/javax/persistence/hibernate-jpa-2.1-api/1.0.0.Final/hibernate-jpa-2.1-api-1.0.0.Final.jar:/Users/Nihar/.m2/repository/org/apache/geronimo/specs/geronimo-jta_1.1_spec/1.1.1/geronimo-jta_1.1_spec-1.1.1.jar:/Users/Nihar/.m2/repository/org/javassist/javassist/3.18.1-GA/javassist-3.18.1-GA.jar:/Users/Nihar/.m2/repository/org/springframework/spring-test/3.2.3.RELEASE/spring-test-3.2.3.RELEASE.jar:/Users/Nihar/.m2/repository/junit/junit/4.11/junit-4.11.jar:/Users/Nihar/.m2/repository/org/hamcrest/hamcrest-core/1.3/hamcrest-core-1.3.jar:/Users/Nihar/.m2/repository/org/apache/poi/poi/3.9/poi-3.9.jar:/Users/Nihar/.m2/repository/commons-codec/commons-codec/1.5/commons-codec-1.5.jar:/Users/Nihar/.m2/repository/com/oracle/ojdbc6/11.2.0.3/ojdbc6-11.2.0.3.jar:, java.class.version=52.0, java.specification.name=Java Platform API Specification, sun.management.compiler=HotSpot 64-Bit Tiered Compilers, os.version=10.11.2, http.nonProxyHosts=local|*.local|169.254/16|*.169.254/16, user.home=/Users/Nihar, user.timezone=America/New_York, java.awt.printerjob=sun.lwawt.macosx.CPrinterJob, file.encoding=UTF-8, java.specification.version=1.8, hibernate.format_sql=true, show_sql=true, user.name=Nihar, java.class.path=/Users/Nihar/git/FinalCoding/FirstBankMortgage_DAL/target/test-classes:/Users/Nihar/git/FinalCoding/FirstBankMortgage_DAL/target/classes:/Users/Nihar/.m2/repository/org/springframework/spring-context/3.2.3.RELEASE/spring-context-3.2.3.RELEASE.jar:/Users/Nihar/.m2/repository/org/springframework/spring-aop/3.2.3.RELEASE/spring-aop-3.2.3.RELEASE.jar:/Users/Nihar/.m2/repository/org/springframework/spring-beans/3.2.3.RELEASE/spring-beans-3.2.3.RELEASE.jar:/Users/Nihar/.m2/repository/org/springframework/spring-core/3.2.3.RELEASE/spring-core-3.2.3.RELEASE.jar:/Users/Nihar/.m2/repository/commons-logging/commons-logging/1.1.1/commons-logging-1.1.1.jar:/Users/Nihar/.m2/repository/org/springframework/spring-expression/3.2.3.RELEASE/spring-expression-3.2.3.RELEASE.jar:/Users/Nihar/.m2/repository/org/springframework/spring-tx/3.2.3.RELEASE/spring-tx-3.2.3.RELEASE.jar:/Users/Nihar/.m2/repository/aopalliance/aopalliance/1.0/aopalliance-1.0.jar:/Users/Nihar/.m2/repository/org/slf4j/slf4j-api/1.7.5/slf4j-api-1.7.5.jar:/Users/Nihar/.m2/repository/ch/qos/logback/logback-classic/1.0.13/logback-classic-1.0.13.jar:/Users/Nihar/.m2/repository/ch/qos/logback/logback-core/1.0.13/logback-core-1.0.13.jar:/Users/Nihar/.m2/repository/org/hibernate/hibernate-entitymanager/5.0.2.Final/hibernate-entitymanager-5.0.2.Final.jar:/Users/Nihar/.m2/repository/org/jboss/logging/jboss-logging/3.3.0.Final/jboss-logging-3.3.0.Final.jar:/Users/Nihar/.m2/repository/org/hibernate/hibernate-core/5.0.2.Final/hibernate-core-5.0.2.Final.jar:/Users/Nihar/.m2/repository/antlr/antlr/2.7.7/antlr-2.7.7.jar:/Users/Nihar/.m2/repository/org/jboss/jandex/1.2.2.Final/jandex-1.2.2.Final.jar:/Users/Nihar/.m2/repository/dom4j/dom4j/1.6.1/dom4j-1.6.1.jar:/Users/Nihar/.m2/repository/xml-apis/xml-apis/1.0.b2/xml-apis-1.0.b2.jar:/Users/Nihar/.m2/repository/org/hibernate/common/hibernate-commons-annotations/5.0.0.Final/hibernate-commons-annotations-5.0.0.Final.jar:/Users/Nihar/.m2/repository/org/hibernate/javax/persistence/hibernate-jpa-2.1-api/1.0.0.Final/hibernate-jpa-2.1-api-1.0.0.Final.jar:/Users/Nihar/.m2/repository/org/apache/geronimo/specs/geronimo-jta_1.1_spec/1.1.1/geronimo-jta_1.1_spec-1.1.1.jar:/Users/Nihar/.m2/repository/org/javassist/javassist/3.18.1-GA/javassist-3.18.1-GA.jar:/Users/Nihar/.m2/repository/org/springframework/spring-test/3.2.3.RELEASE/spring-test-3.2.3.RELEASE.jar:/Users/Nihar/.m2/repository/junit/junit/4.11/junit-4.11.jar:/Users/Nihar/.m2/repository/org/hamcrest/hamcrest-core/1.3/hamcrest-core-1.3.jar:/Users/Nihar/.m2/repository/org/apache/poi/poi/3.9/poi-3.9.jar:/Users/Nihar/.m2/repository/commons-codec/commons-codec/1.5/commons-codec-1.5.jar:/Users/Nihar/.m2/repository/com/oracle/ojdbc6/11.2.0.3/ojdbc6-11.2.0.3.jar:, hibernate.bytecode.use_reflection_optimizer=false, format_sql=true, hibernate.show_sql=true, java.vm.specification.version=1.8, sun.arch.data.model=64, sun.java.command=/Users/Nihar/git/FinalCoding/FirstBankMortgage_DAL/target/surefire/surefirebooter6746863778773245692.jar /Users/Nihar/git/FinalCoding/FirstBankMortgage_DAL/target/surefire/surefire6704952183167684570tmp /Users/Nihar/git/FinalCoding/FirstBankMortgage_DAL/target/surefire/surefire_060730879522128906tmp, java.home=/Library/Java/JavaVirtualMachines/jdk1.8.0_60.jdk/Contents/Home/jre, hibernate.connection.url=jdbc:oracle:thin:@cisc181.ci3wacsy5j84.us-east-1.rds.amazonaws.com:1521:ORCL, hibernate.dialect=org.hibernate.dialect.Oracle10gDialect, user.language=en, java.specification.vendor=Oracle Corporation, awt.toolkit=sun.lwawt.macosx.LWCToolkit, java.vm.info=mixed mode, java.version=1.8.0_60, java.ext.dirs=/Users/Nihar/Library/Java/Extensions:/Library/Java/JavaVirtualMachines/jdk1.8.0_60.jdk/Contents/Home/jre/lib/ext:/Library/Java/Extensions:/Network/Library/Java/Extensions:/System/Library/Java/Extensions:/usr/lib/java, sun.boot.class.path=/Library/Java/JavaVirtualMachines/jdk1.8.0_60.jdk/Contents/Home/jre/lib/resources.jar:/Library/Java/JavaVirtualMachines/jdk1.8.0_60.jdk/Contents/Home/jre/lib/rt.jar:/Library/Java/JavaVirtualMachines/jdk1.8.0_60.jdk/Contents/Home/jre/lib/sunrsasign.jar:/Library/Java/JavaVirtualMachines/jdk1.8.0_60.jdk/Contents/Home/jre/lib/jsse.jar:/Library/Java/JavaVirtualMachines/jdk1.8.0_60.jdk/Contents/Home/jre/lib/jce.jar:/Library/Java/JavaVirtualMachines/jdk1.8.0_60.jdk/Contents/Home/jre/lib/charsets.jar:/Library/Java/JavaVirtualMachines/jdk1.8.0_60.jdk/Contents/Home/jre/lib/jfr.jar:/Library/Java/JavaVirtualMachines/jdk1.8.0_60.jdk/Contents/Home/jre/classes, java.vendor=Oracle Corporation, localRepository=/Users/Nihar/.m2/repository, file.separator=/, java.vendor.url.bug=http://bugreport.sun.com/bugreport/, hibernate.hbm2ddl.auto=update, sun.io.unicode.encoding=UnicodeBig, sun.cpu.endian=little, socksNonProxyHosts=local|*.local|169.254/16|*.169.254/16, ftp.nonProxyHosts=local|*.local|169.254/16|*.169.254/16, sun.cpu.isalist=}
16:45:33.147 [main] DEBUG o.h.secure.spi.JaccIntegrator - Skipping JACC integration as it was not enabled
16:45:33.175 [main] DEBUG o.h.b.internal.ClassLoaderAccessImpl - Not known whether passed class name [domain.RateDomainModel] is safe
16:45:33.175 [main] DEBUG o.h.b.internal.ClassLoaderAccessImpl - No temp ClassLoader provided; using live ClassLoader for loading potentially unsafe class : domain.RateDomainModel
16:45:33.188 [main] DEBUG o.h.b.internal.ClassLoaderAccessImpl - Not known whether passed class name [domain.RateDomainModel] is safe
16:45:33.188 [main] DEBUG o.h.b.internal.ClassLoaderAccessImpl - No temp ClassLoader provided; using live ClassLoader for loading potentially unsafe class : domain.RateDomainModel
16:45:33.275 [main] DEBUG o.h.p.entity.AbstractEntityPersister - Static SQL for entity: domain.RateDomainModel
16:45:33.275 [main] DEBUG o.h.p.entity.AbstractEntityPersister -  Version select: select RateID from Nihar.rate where RateID =?
16:45:33.275 [main] DEBUG o.h.p.entity.AbstractEntityPersister -  Snapshot select: select ratedomain_.RateID, ratedomain_.MinCreditScore as MinCreditScore2_0_, ratedomain_.InterestRate as InterestRate3_0_ from Nihar.rate ratedomain_ where ratedomain_.RateID=?
16:45:33.275 [main] DEBUG o.h.p.entity.AbstractEntityPersister -  Insert 0: insert into Nihar.rate (MinCreditScore, InterestRate, RateID) values (?, ?, ?)
16:45:33.276 [main] DEBUG o.h.p.entity.AbstractEntityPersister -  Update 0: update Nihar.rate set MinCreditScore=?, InterestRate=? where RateID=?
16:45:33.276 [main] DEBUG o.h.p.entity.AbstractEntityPersister -  Delete 0: delete from Nihar.rate where RateID=?
16:45:33.294 [main] DEBUG o.h.l.p.b.i.spaces.QuerySpacesImpl - Adding QuerySpace : uid = &lt;gen:0&gt; -&gt; org.hibernate.loader.plan.build.internal.spaces.EntityQuerySpaceImpl@1ac85b0c]
16:45:33.297 [main] DEBUG o.h.p.w.spi.MetamodelGraphWalker - Visiting attribute path : MinCreditScore
16:45:33.298 [main] DEBUG o.h.p.w.spi.MetamodelGraphWalker - Visiting attribute path : InterestRate
16:45:33.298 [main] DEBUG o.h.l.p.b.i.FetchStyleLoadPlanBuildingAssociationVisitationStrategy - Building LoadPlan...
16:45:33.318 [main] DEBUG o.h.l.p.e.i.LoadQueryJoinAndFetchProcessor - processing queryspace &lt;gen:0&gt;
16:45:33.324 [main] DEBUG o.h.l.p.b.spi.LoadPlanTreePrinter - LoadPlan(entity=domain.RateDomainModel)
    - Returns
       - EntityReturnImpl(entity=domain.RateDomainModel, querySpaceUid=&lt;gen:0&gt;, path=domain.RateDomainModel)
    - QuerySpaces
       - EntityQuerySpaceImpl(uid=&lt;gen:0&gt;, entity=domain.RateDomainModel)
          - SQL table alias mapping - ratedomain0_
          - alias suffix - 0_
          - suffixed key columns - {RateID1_0_0_}

16:45:33.326 [main] DEBUG o.h.loader.entity.plan.EntityLoader - Static select for entity domain.RateDomainModel [NONE]: select ratedomain0_.RateID as RateID1_0_0_, ratedomain0_.MinCreditScore as MinCreditScore2_0_0_, ratedomain0_.InterestRate as InterestRate3_0_0_ from Nihar.rate ratedomain0_ where ratedomain0_.RateID=?
16:45:33.326 [main] DEBUG o.h.l.p.b.i.spaces.QuerySpacesImpl - Adding QuerySpace : uid = &lt;gen:0&gt; -&gt; org.hibernate.loader.plan.build.internal.spaces.EntityQuerySpaceImpl@cc6460c]
16:45:33.326 [main] DEBUG o.h.p.w.spi.MetamodelGraphWalker - Visiting attribute path : MinCreditScore
16:45:33.326 [main] DEBUG o.h.p.w.spi.MetamodelGraphWalker - Visiting attribute path : InterestRate
16:45:33.326 [main] DEBUG o.h.l.p.b.i.FetchStyleLoadPlanBuildingAssociationVisitationStrategy - Building LoadPlan...
16:45:33.326 [main] DEBUG o.h.l.p.e.i.LoadQueryJoinAndFetchProcessor - processing queryspace &lt;gen:0&gt;
16:45:33.327 [main] DEBUG o.h.l.p.b.spi.LoadPlanTreePrinter - LoadPlan(entity=domain.RateDomainModel)
    - Returns
       - EntityReturnImpl(entity=domain.RateDomainModel, querySpaceUid=&lt;gen:0&gt;, path=domain.RateDomainModel)
    - QuerySpaces
       - EntityQuerySpaceImpl(uid=&lt;gen:0&gt;, entity=domain.RateDomainModel)
          - SQL table alias mapping - ratedomain0_
          - alias suffix - 0_
          - suffixed key columns - {RateID1_0_0_}

16:45:33.327 [main] DEBUG o.h.loader.entity.plan.EntityLoader - Static select for entity domain.RateDomainModel [READ]: select ratedomain0_.RateID as RateID1_0_0_, ratedomain0_.MinCreditScore as MinCreditScore2_0_0_, ratedomain0_.InterestRate as InterestRate3_0_0_ from Nihar.rate ratedomain0_ where ratedomain0_.RateID=?
16:45:33.327 [main] DEBUG o.h.l.p.b.i.spaces.QuerySpacesImpl - Adding QuerySpace : uid = &lt;gen:0&gt; -&gt; org.hibernate.loader.plan.build.internal.spaces.EntityQuerySpaceImpl@681aad3b]
16:45:33.327 [main] DEBUG o.h.p.w.spi.MetamodelGraphWalker - Visiting attribute path : MinCreditScore
16:45:33.327 [main] DEBUG o.h.p.w.spi.MetamodelGraphWalker - Visiting attribute path : InterestRate
16:45:33.327 [main] DEBUG o.h.l.p.b.i.FetchStyleLoadPlanBuildingAssociationVisitationStrategy - Building LoadPlan...
16:45:33.328 [main] DEBUG o.h.l.p.e.i.LoadQueryJoinAndFetchProcessor - processing queryspace &lt;gen:0&gt;
16:45:33.328 [main] DEBUG o.h.l.p.b.spi.LoadPlanTreePrinter - LoadPlan(entity=domain.RateDomainModel)
    - Returns
       - EntityReturnImpl(entity=domain.RateDomainModel, querySpaceUid=&lt;gen:0&gt;, path=domain.RateDomainModel)
    - QuerySpaces
       - EntityQuerySpaceImpl(uid=&lt;gen:0&gt;, entity=domain.RateDomainModel)
          - SQL table alias mapping - ratedomain0_
          - alias suffix - 0_
          - suffixed key columns - {RateID1_0_0_}

16:45:33.328 [main] DEBUG o.h.loader.entity.plan.EntityLoader - Static select for entity domain.RateDomainModel [UPGRADE]: select ratedomain0_.RateID as RateID1_0_0_, ratedomain0_.MinCreditScore as MinCreditScore2_0_0_, ratedomain0_.InterestRate as InterestRate3_0_0_ from Nihar.rate ratedomain0_ where ratedomain0_.RateID=? for update
16:45:33.328 [main] DEBUG o.h.l.p.b.i.spaces.QuerySpacesImpl - Adding QuerySpace : uid = &lt;gen:0&gt; -&gt; org.hibernate.loader.plan.build.internal.spaces.EntityQuerySpaceImpl@2427e004]
16:45:33.328 [main] DEBUG o.h.p.w.spi.MetamodelGraphWalker - Visiting attribute path : MinCreditScore
16:45:33.328 [main] DEBUG o.h.p.w.spi.MetamodelGraphWalker - Visiting attribute path : InterestRate
16:45:33.328 [main] DEBUG o.h.l.p.b.i.FetchStyleLoadPlanBuildingAssociationVisitationStrategy - Building LoadPlan...
16:45:33.328 [main] DEBUG o.h.l.p.e.i.LoadQueryJoinAndFetchProcessor - processing queryspace &lt;gen:0&gt;
16:45:33.329 [main] DEBUG o.h.l.p.b.spi.LoadPlanTreePrinter - LoadPlan(entity=domain.RateDomainModel)
    - Returns
       - EntityReturnImpl(entity=domain.RateDomainModel, querySpaceUid=&lt;gen:0&gt;, path=domain.RateDomainModel)
    - QuerySpaces
       - EntityQuerySpaceImpl(uid=&lt;gen:0&gt;, entity=domain.RateDomainModel)
          - SQL table alias mapping - ratedomain0_
          - alias suffix - 0_
          - suffixed key columns - {RateID1_0_0_}

16:45:33.329 [main] DEBUG o.h.loader.entity.plan.EntityLoader - Static select for entity domain.RateDomainModel [UPGRADE_NOWAIT]: select ratedomain0_.RateID as RateID1_0_0_, ratedomain0_.MinCreditScore as MinCreditScore2_0_0_, ratedomain0_.InterestRate as InterestRate3_0_0_ from Nihar.rate ratedomain0_ where ratedomain0_.RateID=? for update nowait
16:45:33.329 [main] DEBUG o.h.l.p.b.i.spaces.QuerySpacesImpl - Adding QuerySpace : uid = &lt;gen:0&gt; -&gt; org.hibernate.loader.plan.build.internal.spaces.EntityQuerySpaceImpl@63f34b70]
16:45:33.329 [main] DEBUG o.h.p.w.spi.MetamodelGraphWalker - Visiting attribute path : MinCreditScore
16:45:33.329 [main] DEBUG o.h.p.w.spi.MetamodelGraphWalker - Visiting attribute path : InterestRate
16:45:33.329 [main] DEBUG o.h.l.p.b.i.FetchStyleLoadPlanBuildingAssociationVisitationStrategy - Building LoadPlan...
16:45:33.329 [main] DEBUG o.h.l.p.e.i.LoadQueryJoinAndFetchProcessor - processing queryspace &lt;gen:0&gt;
16:45:33.329 [main] DEBUG o.h.l.p.b.spi.LoadPlanTreePrinter - LoadPlan(entity=domain.RateDomainModel)
    - Returns
       - EntityReturnImpl(entity=domain.RateDomainModel, querySpaceUid=&lt;gen:0&gt;, path=domain.RateDomainModel)
    - QuerySpaces
       - EntityQuerySpaceImpl(uid=&lt;gen:0&gt;, entity=domain.RateDomainModel)
          - SQL table alias mapping - ratedomain0_
          - alias suffix - 0_
          - suffixed key columns - {RateID1_0_0_}

16:45:33.329 [main] DEBUG o.h.loader.entity.plan.EntityLoader - Static select for entity domain.RateDomainModel [UPGRADE_SKIPLOCKED]: select ratedomain0_.RateID as RateID1_0_0_, ratedomain0_.MinCreditScore as MinCreditScore2_0_0_, ratedomain0_.InterestRate as InterestRate3_0_0_ from Nihar.rate ratedomain0_ where ratedomain0_.RateID=? for update skip locked
16:45:33.330 [main] DEBUG o.h.l.p.b.i.spaces.QuerySpacesImpl - Adding QuerySpace : uid = &lt;gen:0&gt; -&gt; org.hibernate.loader.plan.build.internal.spaces.EntityQuerySpaceImpl@1b58ff9e]
16:45:33.330 [main] DEBUG o.h.p.w.spi.MetamodelGraphWalker - Visiting attribute path : MinCreditScore
16:45:33.330 [main] DEBUG o.h.p.w.spi.MetamodelGraphWalker - Visiting attribute path : InterestRate
16:45:33.330 [main] DEBUG o.h.l.p.b.i.FetchStyleLoadPlanBuildingAssociationVisitationStrategy - Building LoadPlan...
16:45:33.330 [main] DEBUG o.h.l.p.e.i.LoadQueryJoinAndFetchProcessor - processing queryspace &lt;gen:0&gt;
16:45:33.330 [main] DEBUG o.h.l.p.b.spi.LoadPlanTreePrinter - LoadPlan(entity=domain.RateDomainModel)
    - Returns
       - EntityReturnImpl(entity=domain.RateDomainModel, querySpaceUid=&lt;gen:0&gt;, path=domain.RateDomainModel)
    - QuerySpaces
       - EntityQuerySpaceImpl(uid=&lt;gen:0&gt;, entity=domain.RateDomainModel)
          - SQL table alias mapping - ratedomain0_
          - alias suffix - 0_
          - suffixed key columns - {RateID1_0_0_}

16:45:33.330 [main] DEBUG o.h.loader.entity.plan.EntityLoader - Static select for entity domain.RateDomainModel [FORCE]: select ratedomain0_.RateID as RateID1_0_0_, ratedomain0_.MinCreditScore as MinCreditScore2_0_0_, ratedomain0_.InterestRate as InterestRate3_0_0_ from Nihar.rate ratedomain0_ where ratedomain0_.RateID=? for update nowait
16:45:33.330 [main] DEBUG o.h.l.p.b.i.spaces.QuerySpacesImpl - Adding QuerySpace : uid = &lt;gen:0&gt; -&gt; org.hibernate.loader.plan.build.internal.spaces.EntityQuerySpaceImpl@56b78e55]
16:45:33.331 [main] DEBUG o.h.p.w.spi.MetamodelGraphWalker - Visiting attribute path : MinCreditScore
16:45:33.331 [main] DEBUG o.h.p.w.spi.MetamodelGraphWalker - Visiting attribute path : InterestRate
16:45:33.331 [main] DEBUG o.h.l.p.b.i.FetchStyleLoadPlanBuildingAssociationVisitationStrategy - Building LoadPlan...
16:45:33.331 [main] DEBUG o.h.l.p.e.i.LoadQueryJoinAndFetchProcessor - processing queryspace &lt;gen:0&gt;
16:45:33.331 [main] DEBUG o.h.l.p.b.spi.LoadPlanTreePrinter - LoadPlan(entity=domain.RateDomainModel)
    - Returns
       - EntityReturnImpl(entity=domain.RateDomainModel, querySpaceUid=&lt;gen:0&gt;, path=domain.RateDomainModel)
    - QuerySpaces
       - EntityQuerySpaceImpl(uid=&lt;gen:0&gt;, entity=domain.RateDomainModel)
          - SQL table alias mapping - ratedomain0_
          - alias suffix - 0_
          - suffixed key columns - {RateID1_0_0_}

16:45:33.331 [main] DEBUG o.h.loader.entity.plan.EntityLoader - Static select for entity domain.RateDomainModel [PESSIMISTIC_READ]: select ratedomain0_.RateID as RateID1_0_0_, ratedomain0_.MinCreditScore as MinCreditScore2_0_0_, ratedomain0_.InterestRate as InterestRate3_0_0_ from Nihar.rate ratedomain0_ where ratedomain0_.RateID=? for update
16:45:33.331 [main] DEBUG o.h.l.p.b.i.spaces.QuerySpacesImpl - Adding QuerySpace : uid = &lt;gen:0&gt; -&gt; org.hibernate.loader.plan.build.internal.spaces.EntityQuerySpaceImpl@2a492f2a]
16:45:33.332 [main] DEBUG o.h.p.w.spi.MetamodelGraphWalker - Visiting attribute path : MinCreditScore
16:45:33.332 [main] DEBUG o.h.p.w.spi.MetamodelGraphWalker - Visiting attribute path : InterestRate
16:45:33.332 [main] DEBUG o.h.l.p.b.i.FetchStyleLoadPlanBuildingAssociationVisitationStrategy - Building LoadPlan...
16:45:33.333 [main] DEBUG o.h.l.p.e.i.LoadQueryJoinAndFetchProcessor - processing queryspace &lt;gen:0&gt;
16:45:33.333 [main] DEBUG o.h.l.p.b.spi.LoadPlanTreePrinter - LoadPlan(entity=domain.RateDomainModel)
    - Returns
       - EntityReturnImpl(entity=domain.RateDomainModel, querySpaceUid=&lt;gen:0&gt;, path=domain.RateDomainModel)
    - QuerySpaces
       - EntityQuerySpaceImpl(uid=&lt;gen:0&gt;, entity=domain.RateDomainModel)
          - SQL table alias mapping - ratedomain0_
          - alias suffix - 0_
          - suffixed key columns - {RateID1_0_0_}

16:45:33.333 [main] DEBUG o.h.loader.entity.plan.EntityLoader - Static select for entity domain.RateDomainModel [PESSIMISTIC_WRITE]: select ratedomain0_.RateID as RateID1_0_0_, ratedomain0_.MinCreditScore as MinCreditScore2_0_0_, ratedomain0_.InterestRate as InterestRate3_0_0_ from Nihar.rate ratedomain0_ where ratedomain0_.RateID=? for update
16:45:33.333 [main] DEBUG o.h.l.p.b.i.spaces.QuerySpacesImpl - Adding QuerySpace : uid = &lt;gen:0&gt; -&gt; org.hibernate.loader.plan.build.internal.spaces.EntityQuerySpaceImpl@585811a4]
16:45:33.333 [main] DEBUG o.h.p.w.spi.MetamodelGraphWalker - Visiting attribute path : MinCreditScore
16:45:33.334 [main] DEBUG o.h.p.w.spi.MetamodelGraphWalker - Visiting attribute path : InterestRate
16:45:33.334 [main] DEBUG o.h.l.p.b.i.FetchStyleLoadPlanBuildingAssociationVisitationStrategy - Building LoadPlan...
16:45:33.334 [main] DEBUG o.h.l.p.e.i.LoadQueryJoinAndFetchProcessor - processing queryspace &lt;gen:0&gt;
16:45:33.334 [main] DEBUG o.h.l.p.b.spi.LoadPlanTreePrinter - LoadPlan(entity=domain.RateDomainModel)
    - Returns
       - EntityReturnImpl(entity=domain.RateDomainModel, querySpaceUid=&lt;gen:0&gt;, path=domain.RateDomainModel)
    - QuerySpaces
       - EntityQuerySpaceImpl(uid=&lt;gen:0&gt;, entity=domain.RateDomainModel)
          - SQL table alias mapping - ratedomain0_
          - alias suffix - 0_
          - suffixed key columns - {RateID1_0_0_}

16:45:33.334 [main] DEBUG o.h.loader.entity.plan.EntityLoader - Static select for entity domain.RateDomainModel [PESSIMISTIC_FORCE_INCREMENT]: select ratedomain0_.RateID as RateID1_0_0_, ratedomain0_.MinCreditScore as MinCreditScore2_0_0_, ratedomain0_.InterestRate as InterestRate3_0_0_ from Nihar.rate ratedomain0_ where ratedomain0_.RateID=? for update nowait
16:45:33.334 [main] DEBUG o.h.l.p.b.i.spaces.QuerySpacesImpl - Adding QuerySpace : uid = &lt;gen:0&gt; -&gt; org.hibernate.loader.plan.build.internal.spaces.EntityQuerySpaceImpl@411341bd]
16:45:33.335 [main] DEBUG o.h.p.w.spi.MetamodelGraphWalker - Visiting attribute path : MinCreditScore
16:45:33.335 [main] DEBUG o.h.p.w.spi.MetamodelGraphWalker - Visiting attribute path : InterestRate
16:45:33.335 [main] DEBUG o.h.l.p.b.i.FetchStyleLoadPlanBuildingAssociationVisitationStrategy - Building LoadPlan...
16:45:33.335 [main] DEBUG o.h.l.p.e.i.LoadQueryJoinAndFetchProcessor - processing queryspace &lt;gen:0&gt;
16:45:33.336 [main] DEBUG o.h.l.p.b.spi.LoadPlanTreePrinter - LoadPlan(entity=domain.RateDomainModel)
    - Returns
       - EntityReturnImpl(entity=domain.RateDomainModel, querySpaceUid=&lt;gen:0&gt;, path=domain.RateDomainModel)
    - QuerySpaces
       - EntityQuerySpaceImpl(uid=&lt;gen:0&gt;, entity=domain.RateDomainModel)
          - SQL table alias mapping - ratedomain0_
          - alias suffix - 0_
          - suffixed key columns - {RateID1_0_0_}

16:45:33.337 [main] DEBUG o.h.loader.entity.plan.EntityLoader - Static select for entity domain.RateDomainModel [OPTIMISTIC]: select ratedomain0_.RateID as RateID1_0_0_, ratedomain0_.MinCreditScore as MinCreditScore2_0_0_, ratedomain0_.InterestRate as InterestRate3_0_0_ from Nihar.rate ratedomain0_ where ratedomain0_.RateID=?
16:45:33.337 [main] DEBUG o.h.l.p.b.i.spaces.QuerySpacesImpl - Adding QuerySpace : uid = &lt;gen:0&gt; -&gt; org.hibernate.loader.plan.build.internal.spaces.EntityQuerySpaceImpl@5400db36]
16:45:33.337 [main] DEBUG o.h.p.w.spi.MetamodelGraphWalker - Visiting attribute path : MinCreditScore
16:45:33.337 [main] DEBUG o.h.p.w.spi.MetamodelGraphWalker - Visiting attribute path : InterestRate
16:45:33.337 [main] DEBUG o.h.l.p.b.i.FetchStyleLoadPlanBuildingAssociationVisitationStrategy - Building LoadPlan...
16:45:33.338 [main] DEBUG o.h.l.p.e.i.LoadQueryJoinAndFetchProcessor - processing queryspace &lt;gen:0&gt;
16:45:33.338 [main] DEBUG o.h.l.p.b.spi.LoadPlanTreePrinter - LoadPlan(entity=domain.RateDomainModel)
    - Returns
       - EntityReturnImpl(entity=domain.RateDomainModel, querySpaceUid=&lt;gen:0&gt;, path=domain.RateDomainModel)
    - QuerySpaces
       - EntityQuerySpaceImpl(uid=&lt;gen:0&gt;, entity=domain.RateDomainModel)
          - SQL table alias mapping - ratedomain0_
          - alias suffix - 0_
          - suffixed key columns - {RateID1_0_0_}

16:45:33.338 [main] DEBUG o.h.loader.entity.plan.EntityLoader - Static select for entity domain.RateDomainModel [OPTIMISTIC_FORCE_INCREMENT]: select ratedomain0_.RateID as RateID1_0_0_, ratedomain0_.MinCreditScore as MinCreditScore2_0_0_, ratedomain0_.InterestRate as InterestRate3_0_0_ from Nihar.rate ratedomain0_ where ratedomain0_.RateID=?
16:45:33.354 [main] DEBUG org.hibernate.loader.Loader - Static select for action ACTION_MERGE on entity domain.RateDomainModel: select ratedomain0_.RateID as RateID1_0_0_, ratedomain0_.MinCreditScore as MinCreditScore2_0_0_, ratedomain0_.InterestRate as InterestRate3_0_0_ from Nihar.rate ratedomain0_ where ratedomain0_.RateID=?
16:45:33.355 [main] DEBUG org.hibernate.loader.Loader - Static select for action ACTION_REFRESH on entity domain.RateDomainModel: select ratedomain0_.RateID as RateID1_0_0_, ratedomain0_.MinCreditScore as MinCreditScore2_0_0_, ratedomain0_.InterestRate as InterestRate3_0_0_ from Nihar.rate ratedomain0_ where ratedomain0_.RateID=?
16:45:33.355 [main] DEBUG o.h.internal.SessionFactoryImpl - Instantiated session factory
16:45:33.358 [main] INFO  o.h.tool.hbm2ddl.SchemaUpdate - HHH000228: Running hbm2ddl schema update
16:45:34.932 [main] INFO  o.h.t.s.e.i.InformationExtractorJdbcDatabaseMetaDataImpl - HHH000262: Table not found: rate
</system-out>
    <system-err>Initial SessionFactory creation failed.org.hibernate.tool.schema.spi.SchemaManagementException: Unable to execute schema management to JDBC target [create table Nihar.rate (RateID number(10,0) not null, MinCreditScore number(10,0) not null, InterestRate double precision not null, primary key (RateID))]
</system-err>
  </testcase>
  <testcase classname="base.Student_Test" name="test1" time="0">
    <error message="Could not initialize class util.HibernateUtil" type="java.lang.NoClassDefFoundError">java.lang.NoClassDefFoundError: Could not initialize class util.HibernateUtil
	at base.RateDAL.getRate(RateDAL.java:27)
	at base.Student_Test.test1(Student_Test.java:47)
	at sun.reflect.NativeMethodAccessorImpl.invoke0(Native Method)
	at sun.reflect.NativeMethodAccessorImpl.invoke(NativeMethodAccessorImpl.java:62)
	at sun.reflect.DelegatingMethodAccessorImpl.invoke(DelegatingMethodAccessorImpl.java:43)
	at java.lang.reflect.Method.invoke(Method.java:497)
	at org.junit.runners.model.FrameworkMethod$1.runReflectiveCall(FrameworkMethod.java:47)
	at org.junit.internal.runners.model.ReflectiveCallable.run(ReflectiveCallable.java:12)
	at org.junit.runners.model.FrameworkMethod.invokeExplosively(FrameworkMethod.java:44)
	at org.junit.internal.runners.statements.InvokeMethod.evaluate(InvokeMethod.java:17)
	at org.junit.internal.runners.statements.RunBefores.evaluate(RunBefores.java:26)
	at org.junit.internal.runners.statements.RunAfters.evaluate(RunAfters.java:27)
	at org.junit.runners.ParentRunner.runLeaf(ParentRunner.java:271)
	at org.junit.runners.BlockJUnit4ClassRunner.runChild(BlockJUnit4ClassRunner.java:70)
	at org.junit.runners.BlockJUnit4ClassRunner.runChild(BlockJUnit4ClassRunner.java:50)
	at org.junit.runners.ParentRunner$3.run(ParentRunner.java:238)
	at org.junit.runners.ParentRunner$1.schedule(ParentRunner.java:63)
	at org.junit.runners.ParentRunner.runChildren(ParentRunner.java:236)
	at org.junit.runners.ParentRunner.access$000(ParentRunner.java:53)
	at org.junit.runners.ParentRunner$2.evaluate(ParentRunner.java:229)
	at org.junit.internal.runners.statements.RunBefores.evaluate(RunBefores.java:26)
	at org.junit.internal.runners.statements.RunAfters.evaluate(RunAfters.java:27)
	at org.junit.runners.ParentRunner.run(ParentRunner.java:309)
	at org.apache.maven.surefire.junit4.JUnit4Provider.execute(JUnit4Provider.java:252)
	at org.apache.maven.surefire.junit4.JUnit4Provider.executeTestSet(JUnit4Provider.java:141)
	at org.apache.maven.surefire.junit4.JUnit4Provider.invoke(JUnit4Provider.java:112)
	at sun.reflect.NativeMethodAccessorImpl.invoke0(Native Method)
	at sun.reflect.NativeMethodAccessorImpl.invoke(NativeMethodAccessorImpl.java:62)
	at sun.reflect.DelegatingMethodAccessorImpl.invoke(DelegatingMethodAccessorImpl.java:43)
	at java.lang.reflect.Method.invoke(Method.java:497)
	at org.apache.maven.surefire.util.ReflectionUtils.invokeMethodWithArray(ReflectionUtils.java:189)
	at org.apache.maven.surefire.booter.ProviderFactory$ProviderProxy.invoke(ProviderFactory.java:165)
	at org.apache.maven.surefire.booter.ProviderFactory.invokeProvider(ProviderFactory.java:85)
	at org.apache.maven.surefire.booter.ForkedBooter.runSuitesInProcess(ForkedBooter.java:115)
	at org.apache.maven.surefire.booter.ForkedBooter.main(ForkedBooter.java:75)
</error>
  </testcase>
  <testcase classname="base.Student_Test" name="test2" time="0">
    <error message="Could not initialize class util.HibernateUtil" type="java.lang.NoClassDefFoundError">java.lang.NoClassDefFoundError: Could not initialize class util.HibernateUtil
	at base.RateDAL.getRate(RateDAL.java:27)
	at base.Student_Test.test2(Student_Test.java:56)
	at sun.reflect.NativeMethodAccessorImpl.invoke0(Native Method)
	at sun.reflect.NativeMethodAccessorImpl.invoke(NativeMethodAccessorImpl.java:62)
	at sun.reflect.DelegatingMethodAccessorImpl.invoke(DelegatingMethodAccessorImpl.java:43)
	at java.lang.reflect.Method.invoke(Method.java:497)
	at org.junit.runners.model.FrameworkMethod$1.runReflectiveCall(FrameworkMethod.java:47)
	at org.junit.internal.runners.model.ReflectiveCallable.run(ReflectiveCallable.java:12)
	at org.junit.runners.model.FrameworkMethod.invokeExplosively(FrameworkMethod.java:44)
	at org.junit.internal.runners.statements.InvokeMethod.evaluate(InvokeMethod.java:17)
	at org.junit.internal.runners.statements.RunBefores.evaluate(RunBefores.java:26)
	at org.junit.internal.runners.statements.RunAfters.evaluate(RunAfters.java:27)
	at org.junit.runners.ParentRunner.runLeaf(ParentRunner.java:271)
	at org.junit.runners.BlockJUnit4ClassRunner.runChild(BlockJUnit4ClassRunner.java:70)
	at org.junit.runners.BlockJUnit4ClassRunner.runChild(BlockJUnit4ClassRunner.java:50)
	at org.junit.runners.ParentRunner$3.run(ParentRunner.java:238)
	at org.junit.runners.ParentRunner$1.schedule(ParentRunner.java:63)
	at org.junit.runners.ParentRunner.runChildren(ParentRunner.java:236)
	at org.junit.runners.ParentRunner.access$000(ParentRunner.java:53)
	at org.junit.runners.ParentRunner$2.evaluate(ParentRunner.java:229)
	at org.junit.internal.runners.statements.RunBefores.evaluate(RunBefores.java:26)
	at org.junit.internal.runners.statements.RunAfters.evaluate(RunAfters.java:27)
	at org.junit.runners.ParentRunner.run(ParentRunner.java:309)
	at org.apache.maven.surefire.junit4.JUnit4Provider.execute(JUnit4Provider.java:252)
	at org.apache.maven.surefire.junit4.JUnit4Provider.executeTestSet(JUnit4Provider.java:141)
	at org.apache.maven.surefire.junit4.JUnit4Provider.invoke(JUnit4Provider.java:112)
	at sun.reflect.NativeMethodAccessorImpl.invoke0(Native Method)
	at sun.reflect.NativeMethodAccessorImpl.invoke(NativeMethodAccessorImpl.java:62)
	at sun.reflect.DelegatingMethodAccessorImpl.invoke(DelegatingMethodAccessorImpl.java:43)
	at java.lang.reflect.Method.invoke(Method.java:497)
	at org.apache.maven.surefire.util.ReflectionUtils.invokeMethodWithArray(ReflectionUtils.java:189)
	at org.apache.maven.surefire.booter.ProviderFactory$ProviderProxy.invoke(ProviderFactory.java:165)
	at org.apache.maven.surefire.booter.ProviderFactory.invokeProvider(ProviderFactory.java:85)
	at org.apache.maven.surefire.booter.ForkedBooter.runSuitesInProcess(ForkedBooter.java:115)
	at org.apache.maven.surefire.booter.ForkedBooter.main(ForkedBooter.java:75)
</error>
  </testcase>
  <testcase classname="base.Student_Test" name="test3" time="0">
    <error message="Could not initialize class util.HibernateUtil" type="java.lang.NoClassDefFoundError">java.lang.NoClassDefFoundError: Could not initialize class util.HibernateUtil
	at base.RateDAL.getRate(RateDAL.java:27)
	at base.Student_Test.test3(Student_Test.java:65)
	at sun.reflect.NativeMethodAccessorImpl.invoke0(Native Method)
	at sun.reflect.NativeMethodAccessorImpl.invoke(NativeMethodAccessorImpl.java:62)
	at sun.reflect.DelegatingMethodAccessorImpl.invoke(DelegatingMethodAccessorImpl.java:43)
	at java.lang.reflect.Method.invoke(Method.java:497)
	at org.junit.runners.model.FrameworkMethod$1.runReflectiveCall(FrameworkMethod.java:47)
	at org.junit.internal.runners.model.ReflectiveCallable.run(ReflectiveCallable.java:12)
	at org.junit.runners.model.FrameworkMethod.invokeExplosively(FrameworkMethod.java:44)
	at org.junit.internal.runners.statements.InvokeMethod.evaluate(InvokeMethod.java:17)
	at org.junit.internal.runners.statements.RunBefores.evaluate(RunBefores.java:26)
	at org.junit.internal.runners.statements.RunAfters.evaluate(RunAfters.java:27)
	at org.junit.runners.ParentRunner.runLeaf(ParentRunner.java:271)
	at org.junit.runners.BlockJUnit4ClassRunner.runChild(BlockJUnit4ClassRunner.java:70)
	at org.junit.runners.BlockJUnit4ClassRunner.runChild(BlockJUnit4ClassRunner.java:50)
	at org.junit.runners.ParentRunner$3.run(ParentRunner.java:238)
	at org.junit.runners.ParentRunner$1.schedule(ParentRunner.java:63)
	at org.junit.runners.ParentRunner.runChildren(ParentRunner.java:236)
	at org.junit.runners.ParentRunner.access$000(ParentRunner.java:53)
	at org.junit.runners.ParentRunner$2.evaluate(ParentRunner.java:229)
	at org.junit.internal.runners.statements.RunBefores.evaluate(RunBefores.java:26)
	at org.junit.internal.runners.statements.RunAfters.evaluate(RunAfters.java:27)
	at org.junit.runners.ParentRunner.run(ParentRunner.java:309)
	at org.apache.maven.surefire.junit4.JUnit4Provider.execute(JUnit4Provider.java:252)
	at org.apache.maven.surefire.junit4.JUnit4Provider.executeTestSet(JUnit4Provider.java:141)
	at org.apache.maven.surefire.junit4.JUnit4Provider.invoke(JUnit4Provider.java:112)
	at sun.reflect.NativeMethodAccessorImpl.invoke0(Native Method)
	at sun.reflect.NativeMethodAccessorImpl.invoke(NativeMethodAccessorImpl.java:62)
	at sun.reflect.DelegatingMethodAccessorImpl.invoke(DelegatingMethodAccessorImpl.java:43)
	at java.lang.reflect.Method.invoke(Method.java:497)
	at org.apache.maven.surefire.util.ReflectionUtils.invokeMethodWithArray(ReflectionUtils.java:189)
	at org.apache.maven.surefire.booter.ProviderFactory$ProviderProxy.invoke(ProviderFactory.java:165)
	at org.apache.maven.surefire.booter.ProviderFactory.invokeProvider(ProviderFactory.java:85)
	at org.apache.maven.surefire.booter.ForkedBooter.runSuitesInProcess(ForkedBooter.java:115)
	at org.apache.maven.surefire.booter.ForkedBooter.main(ForkedBooter.java:75)
</error>
  </testcase>
</testsuite>